Сборка начата 12.11.2016 18:59:21.
     1>Проект "C:\Users\Larsanay\documents\visual studio 2015\Projects\paral\paral\paral.vcxproj" в узле 2 (целевые объекты Build).
     1>ClCompile:
         C:\Program Files (x86)\Microsoft Visual Studio 14.0\VC\bin\CL.exe /c /I"C:\Program Files (x86)\MPICH\SDK\Include" /ZI /nologo /W3 /WX- /sdl /Od /Oy- /D WIN32 /D _DEBUG /D _CONSOLE /D _UNICODE /D UNICODE /Gm /EHsc /RTC1 /MDd /GS /fp:precise /Zc:wchar_t /Zc:forScope /Zc:inline /Fo"Debug\\" /Fd"Debug\vc140.pdb" /Gd /TP /analyze- /errorReport:prompt main.cpp
         main.cpp
     1>c:\users\larsanay\documents\visual studio 2015\projects\paral\paral\main.cpp(165): error C2059: синтаксическая ошибка: if
     1>c:\users\larsanay\documents\visual studio 2015\projects\paral\paral\main.cpp(166): error C2143: синтаксическая ошибка: отсутствие ";" перед "{"
     1>c:\users\larsanay\documents\visual studio 2015\projects\paral\paral\main.cpp(166): error C2447: {: отсутствует заголовок функции (возможно, используется формальный список старого типа)
     1>c:\users\larsanay\documents\visual studio 2015\projects\paral\paral\main.cpp(203): error C4430: отсутствует спецификатор типа - предполагается int. Примечание. C++ не поддерживает int по умолчанию
     1>c:\users\larsanay\documents\visual studio 2015\projects\paral\paral\main.cpp(206): error C2059: синтаксическая ошибка: delete
     1>c:\users\larsanay\documents\visual studio 2015\projects\paral\paral\main.cpp(207): error C2059: синтаксическая ошибка: delete
     1>c:\users\larsanay\documents\visual studio 2015\projects\paral\paral\main.cpp(208): error C2059: синтаксическая ошибка: delete
     1>c:\users\larsanay\documents\visual studio 2015\projects\paral\paral\main.cpp(209): error C2059: синтаксическая ошибка: delete
     1>c:\users\larsanay\documents\visual studio 2015\projects\paral\paral\main.cpp(210): error C2059: синтаксическая ошибка: delete
     1>c:\users\larsanay\documents\visual studio 2015\projects\paral\paral\main.cpp(211): error C2059: синтаксическая ошибка: delete
     1>c:\users\larsanay\documents\visual studio 2015\projects\paral\paral\main.cpp(212): error C2059: синтаксическая ошибка: delete
     1>c:\users\larsanay\documents\visual studio 2015\projects\paral\paral\main.cpp(213): error C2059: синтаксическая ошибка: delete
     1>c:\users\larsanay\documents\visual studio 2015\projects\paral\paral\main.cpp(214): error C2059: синтаксическая ошибка: delete
     1>c:\users\larsanay\documents\visual studio 2015\projects\paral\paral\main.cpp(215): error C2059: синтаксическая ошибка: delete
     1>c:\users\larsanay\documents\visual studio 2015\projects\paral\paral\main.cpp(216): error C2059: синтаксическая ошибка: delete
     1>c:\users\larsanay\documents\visual studio 2015\projects\paral\paral\main.cpp(217): error C2059: синтаксическая ошибка: delete
     1>c:\users\larsanay\documents\visual studio 2015\projects\paral\paral\main.cpp(218): error C2059: синтаксическая ошибка: for
     1>c:\users\larsanay\documents\visual studio 2015\projects\paral\paral\main.cpp(218): error C2143: синтаксическая ошибка: отсутствие ")" перед ";"
     1>c:\users\larsanay\documents\visual studio 2015\projects\paral\paral\main.cpp(218): error C2143: синтаксическая ошибка: отсутствие ";" перед "<"
     1>c:\users\larsanay\documents\visual studio 2015\projects\paral\paral\main.cpp(218): error C4430: отсутствует спецификатор типа - предполагается int. Примечание. C++ не поддерживает int по умолчанию
     1>c:\users\larsanay\documents\visual studio 2015\projects\paral\paral\main.cpp(218): error C2143: синтаксическая ошибка: отсутствие ";" перед "++"
     1>c:\users\larsanay\documents\visual studio 2015\projects\paral\paral\main.cpp(218): error C2086: int i: переопределение
         c:\users\larsanay\documents\visual studio 2015\projects\paral\paral\main.cpp(218): note:  см. объявление "i"
     1>c:\users\larsanay\documents\visual studio 2015\projects\paral\paral\main.cpp(218): error C2059: синтаксическая ошибка: )
     1>c:\users\larsanay\documents\visual studio 2015\projects\paral\paral\main.cpp(221): error C2059: синтаксическая ошибка: return
     1>c:\users\larsanay\documents\visual studio 2015\projects\paral\paral\main.cpp(222): error C2059: синтаксическая ошибка: }
     1>c:\users\larsanay\documents\visual studio 2015\projects\paral\paral\main.cpp(222): error C2143: синтаксическая ошибка: отсутствие ";" перед "}"
     1>Сборка проекта "C:\Users\Larsanay\documents\visual studio 2015\Projects\paral\paral\paral.vcxproj" завершена (целевые объекты Build) с ошибкой.

Ошибка сборки.

Затраченное время: 00:00:00.96
